[2026-06-09 14:28:14,454: INFO: common: yaml file: config/config.yaml loaded successfully]
[2026-06-09 14:28:14,457: INFO: common: yaml file: params.yaml loaded successfully]
[2026-06-09 14:29:12,725: INFO: common: yaml file: config/config.yaml loaded successfully]
[2026-06-09 14:29:12,728: INFO: common: yaml file: params.yaml loaded successfully]
[2026-06-09 14:29:12,729: INFO: common: created directory at: artifacts]
[2026-06-09 14:29:12,731: INFO: common: created directory at: artifacts/data_ingestion]
[2026-06-09 14:29:15,336: INFO: 2427340059: SAMSum dataset saved to artifacts/data_ingestion/samsum_dataset]
[2026-06-09 14:29:44,346: INFO: common: yaml file: config/config.yaml loaded successfully]
[2026-06-09 14:29:44,349: INFO: common: yaml file: params.yaml loaded successfully]
[2026-06-09 14:29:44,351: INFO: common: created directory at: artifacts]
[2026-06-09 14:29:44,353: INFO: common: created directory at: artifacts/data_ingestion]
[2026-06-09 14:29:47,080: INFO: 2427340059: SAMSum dataset saved to artifacts/data_ingestion/samsum_dataset]
[2026-06-09 14:46:52,441: INFO: config: PyTorch version 2.2.2 available.]
[2026-06-09 14:46:52,947: INFO: main: stage Data Ingestion stage initiated]
[2026-06-09 14:46:52,948: INFO: common: yaml file: config/config.yaml loaded successfully]
[2026-06-09 14:46:52,949: INFO: common: yaml file: params.yaml loaded successfully]
[2026-06-09 14:46:52,949: INFO: common: created directory at: artifacts]
[2026-06-09 14:46:52,950: INFO: common: created directory at: artifacts/data_ingestion]
[2026-06-09 14:46:52,950: INFO: data_ingestion: Downloading SAMSum dataset from Hugging Face]
[2026-06-09 14:47:03,185: INFO: data_ingestion: SAMSum dataset saved to artifacts/data_ingestion/samsum_dataset]
[2026-06-09 14:47:03,186: INFO: main: Stage Data Ingestion stage Completed]
